[04:21:23] idling OK
[04:21:23] install left ctrl left ctrl
[04:21:23] hook left ctrl OK
[04:21:44] trigger left ctrl left ctrl
[04:21:58] trigger left ctrl left ctrl
[04:22:04] trigger left ctrl left ctrl
[04:24:01] hook left ctrl OK
[04:24:01] install left ctrl left ctrl
[04:26:38] idling OK
[04:26:38] install left ctrl left ctrl
[04:26:38] hook left ctrl OK
[04:27:36] trigger left ctrl left ctrl
[04:27:40] trigger left ctrl left ctrl
[04:27:40] trigger left ctrl left ctrl
[04:28:00] trigger left ctrl left ctrl
[04:28:05] trigger left ctrl left ctrl
[04:28:05] trigger left ctrl left ctrl
[04:28:05] trigger left ctrl left ctrl
[04:28:21] trigger left ctrl left ctrl
[04:28:21] trigger left ctrl left ctrl
[04:28:21] trigger left ctrl left ctrl
[04:28:29] trigger left ctrl left ctrl
[04:28:29] trigger left ctrl left ctrl
[04:28:29] trigger left ctrl left ctrl
[04:29:02] trigger left ctrl left ctrl
[04:29:02] trigger left ctrl left ctrl
[04:29:02] trigger left ctrl left ctrl
[04:30:45] idling OK
trl OK
[04:30:45] install left ctrl left ctrl
[04:30:53] trigger left ctrl left ctrl
[04:31:01] trigger left ctrl left ctrl
[04:31:01] trigger left ctrl left ctrl
[04:31:01] trigger left ctrl left ctrl
[04:31:01] trigger left ctrl left ctrl
[04:34:38] idling OK
[04:34:38] install left ctrl left ctrl
[04:34:38] hook left ctrl OK
[04:34:47] trigger left ctrl left ctrl
[04:34:58] trigger left ctrl left ctrl
[04:34:58] trigger left ctrl left ctrl
[04:34:58] trigger left ctrl left ctrl
[04:34:58] trigger left ctrl left ctrl
[04:35:33] idling OK
[04:35:33] install left ctrl left ctrl
[04:35:33] hook left ctrl OK
[04:35:48] trigger left ctrl left ctrl
[04:36:17] trigger left ctrl left ctrl
[04:36:23] trigger left ctrl left ctrl
[04:36:30] trigger left ctrl left ctrl
[04:39:15] trigger left ctrl left ctrl
[04:47:36] idling OK
[04:47:36] install left ctrl left ctrl
[04:47:36] hook left ctrl OK
[04:47:56] trigger left ctrl left ctrl
[04:47:58] trigger left ctrl left ctrl
[04:48:12] trigger left ctrl left ctrl
[04:48:20] trigger left ctrl left ctrl
[04:48:40] trigger left ctrl left ctrl
[04:48:59] trigger left ctrl left ctrl
[04:49:02] trigger left ctrl left ctrl
[04:49:53] idling OK
[04:49:53] install left ctrl left ctrl
[04:49:53] hook left ctrl OK
[04:50:10] trigger left ctrl left ctrl
[04:50:20] trigger left ctrl left ctrl
[04:51:02] idling OK
[04:51:02] install left ctrl left ctrl
[04:51:02] hook left ctrl OK
[04:51:17] trigger left ctrl left ctrl
[04:51:33] trigger left ctrl left ctrl
[05:08:58] idling OK
[05:08:58] install left ctrl left ctrl
[05:08:58] hook left ctrl OK
[05:09:14] trigger left ctrl left ctrl
[05:09:30] trigger left ctrl left ctrl
[05:10:39] trigger left ctrl left ctrl
[05:10:49] trigger left ctrl left ctrl
[05:11:52] idling OK
[05:11:52] install left ctrl left ctrl
[05:11:52] hook left ctrl OK
[05:12:41] idling OK
[05:12:41] hook left ctrl OK
[05:12:41] install left ctrl left ctrl
[05:12:53] trigger left ctrl left ctrl
[05:13:06] trigger left ctrl left ctrl
[05:13:19] trigger left ctrl left ctrl
[05:13:29] trigger left ctrl left ctrl
[05:13:51] trigger left ctrl left ctrl
[05:14:01] trigger left ctrl left ctrl
[05:14:01] trigger left ctrl left ctrl
[05:14:26] trigger left ctrl left ctrl
[05:14:26] trigger left ctrl left ctrl
[05:14:30] trigger left ctrl left ctrl
[05:14:41] trigger left ctrl left ctrl
[05:14:41] trigger left ctrl left ctrl
[05:14:48] trigger left ctrl left ctrl
[05:14:48] trigger left ctrl left ctrl
[05:14:50] trigger left ctrl left ctrl
[05:14:59] trigger left ctrl left ctrl
[05:14:59] trigger left ctrl left ctrl
[05:15:14] trigger left ctrl left ctrl
[05:15:14] trigger left ctrl left ctrl
[05:15:16] trigger left ctrl left ctrl
[05:15:16] trigger left ctrl left ctrl
[05:15:18] trigger left ctrl left ctrl
[05:15:18] trigger left ctrl left ctrl
[05:15:26] trigger left ctrl left ctrl
[05:15:26] trigger left ctrl left ctrl
[05:15:31] trigger left ctrl left ctrl
[05:15:31] trigger left ctrl left ctrl
[05:15:44] trigger left ctrl left ctrl
[05:15:45] trigger left ctrl left ctrl
[05:15:46] trigger left ctrl left ctrl
[05:15:46] trigger left ctrl left ctrl
[05:15:50] trigger left ctrl left ctrl
[05:15:50] trigger left ctrl left ctrl
[05:15:57] trigger left ctrl left ctrl
[05:15:57] trigger left ctrl left ctrl
[05:15:58] trigger left ctrl left ctrl
[05:15:58] trigger left ctrl left ctrl
[05:16:14] trigger left ctrl left ctrl
[05:16:14] trigger left ctrl left ctrl
[05:16:23] trigger left ctrl left ctrl
[05:16:23] trigger left ctrl left ctrl
[05:16:25] trigger left ctrl left ctrl
[05:16:25] trigger left ctrl left ctrl
[05:16:27] trigger left ctrl left ctrl
[05:16:28] trigger left ctrl left ctrl
[05:16:49] trigger left ctrl left ctrl
[05:16:49] trigger left ctrl left ctrl
[05:16:56] trigger left ctrl left ctrl
[05:16:56] trigger left ctrl left ctrl
[05:16:58] trigger left ctrl left ctrl
[05:16:58] trigger left ctrl left ctrl
[05:17:00] trigger left ctrl left ctrl
[05:17:00] trigger left ctrl left ctrl
[05:20:47] idling OK
[05:20:47] install left ctrl left ctrl
[05:20:47] hook left ctrl OK
[05:21:04] trigger left ctrl left ctrl
[05:21:21] trigger left ctrl left ctrl
[05:21:30] trigger left ctrl left ctrl
[05:21:39] trigger left ctrl left ctrl
[05:21:52] trigger left ctrl left ctrl
[05:22:01] trigger left ctrl left ctrl
[05:22:09] trigger left ctrl left ctrl
[05:22:38] trigger left ctrl left ctrl
[05:22:53] trigger left ctrl left ctrl
[05:23:04] trigger left ctrl left ctrl
[05:23:13] trigger left ctrl left ctrl
[05:23:19] trigger left ctrl left ctrl
[05:25:59] idling OK
[05:25:59] install left ctrl left ctrl
[05:25:59] hook left ctrl OK
[05:26:17] trigger left ctrl left ctrl
[05:26:32] trigger left ctrl left ctrl
[05:26:40] trigger left ctrl left ctrl
[05:26:53] trigger left ctrl left ctrl
[05:27:01] trigger left ctrl left ctrl
[05:27:19] trigger left ctrl left ctrl
[05:27:27] trigger left ctrl left ctrl
[05:27:45] trigger left ctrl left ctrl
[05:27:59] trigger left ctrl left ctrl
[05:28:03] trigger left ctrl left ctrl
[05:28:04] trigger left ctrl left ctrl
[05:28:06] trigger left ctrl left ctrl
[05:28:07] trigger left ctrl left ctrl
[05:28:14] trigger left ctrl left ctrl
[05:28:22] trigger left ctrl left ctrl
[05:28:31] trigger left ctrl left ctrl
[05:28:40] trigger left ctrl left ctrl
[05:29:21] idling OK
[05:29:21] install left ctrl left ctrl
[05:29:21] hook left ctrl OK
[05:29:36] trigger left ctrl left ctrl
[05:29:57] trigger left ctrl left ctrl
[05:30:03] trigger left ctrl left ctrl
[05:30:18] trigger left ctrl left ctrl
[05:30:33] trigger left ctrl left ctrl
[05:30:43] trigger left ctrl left ctrl
[05:30:49] trigger left ctrl left ctrl
[05:30:58] trigger left ctrl left ctrl
[05:31:12] trigger left ctrl left ctrl
[05:31:17] trigger left ctrl left ctrl
[05:31:26] trigger left ctrl left ctrl
[05:31:33] trigger left ctrl left ctrl
[05:31:50] trigger left ctrl left ctrl
[05:32:03] trigger left ctrl left ctrl
[05:32:09] trigger left ctrl left ctrl
[05:32:22] trigger left ctrl left ctrl
[05:33:00] trigger left ctrl left ctrl
[05:34:05] idling OK
[05:34:05] install left ctrl left ctrl
[05:34:05] hook left ctrl OK
[05:34:24] trigger left ctrl left ctrl
[05:34:38] trigger left ctrl left ctrl
